# JRE version: OpenJDK Runtime Environment Temurin-21.0.10+7 (21.0.10+7) (build 21.0.10+7-LTS)
# Java VM: OpenJDK 64-Bit Server VM Temurin-21.0.10+7 (21.0.10+7-LTS, mixed mode, sharing, tiered, compressed oops, compressed class ptrs, parallel gc, windows-amd64)
GC Precious Log:
 CardTable entry size: 512
 CPUs: 4 total, 4 available
 Memory: 7971M
 Large Page Support: Disabled
 NUMA Support: Disabled
 Compressed Oops: Enabled (32-bit)
 Alignments: Space 512K, Generation 512K, Heap 2M
 Heap Min Capacity: 100M
 Heap Initial Capacity: 100M
 Heap Max Capacity: 2G
 Pre-touch: Disabled
 Parallel Workers: 4
Heap:
 PSYoungGen      total 23040K, used 22288K [0x00000000d5580000, 0x00000000d7580000, 0x0000000100000000)
  eden space 22016K, 97% used [0x00000000d5580000,0x00000000d6a5c838,0x00000000d6b00000)
  from space 1024K, 90% used [0x00000000d7480000,0x00000000d7567858,0x00000000d7580000)
  to   space 1024K, 0% used [0x00000000d7380000,0x00000000d7380000,0x00000000d7480000)
 ParOldGen       total 68608K, used 39710K [0x0000000080000000, 0x0000000084300000, 0x00000000d5580000)
  object space 68608K, 57% used [0x0000000080000000,0x00000000826c7a00,0x0000000084300000)
 Metaspace       used 59951K, committed 61248K, reserved 1114112K
  class space    used 7589K, committed 8128K, reserved 1048576K
GC Heap History (20 events):
Event: 25.781 GC heap before
{Heap before GC invocations=28 (full 2):
 PSYoungGen      total 24064K, used 22656K [0x00000000d5580000, 0x00000000d7700000, 0x0000000100000000)
  eden space 22016K, 100% used [0x00000000d5580000,0x00000000d6b00000,0x00000000d6b00000)
  from space 2048K, 31% used [0x00000000d7380000,0x00000000d7420000,0x00000000d7580000)
  to   space 1024K, 0% used [0x00000000d7600000,0x00000000d7600000,0x00000000d7700000)
 ParOldGen       total 68608K, used 42197K [0x0000000080000000, 0x0000000084300000, 0x00000000d5580000)
  object space 68608K, 61% used [0x0000000080000000,0x0000000082935668,0x0000000084300000)
 Metaspace       used 54623K, committed 55936K, reserved 1114112K
  class space    used 6516K, committed 7040K, reserved 1048576K
}
Event: 25.787 GC heap after
{Heap after GC invocations=28 (full 2):
 PSYoungGen      total 23040K, used 716K [0x00000000d5580000, 0x00000000d7700000, 0x0000000100000000)
  eden space 22016K, 0% used [0x00000000d5580000,0x00000000d5580000,0x00000000d6b00000)
  from space 1024K, 70% used [0x00000000d7600000,0x00000000d76b3358,0x00000000d7700000)
  to   space 1024K, 0% used [0x00000000d7500000,0x00000000d7500000,0x00000000d7600000)
 ParOldGen       total 68608K, used 42773K [0x0000000080000000, 0x0000000084300000, 0x00000000d5580000)
  object space 68608K, 62% used [0x0000000080000000,0x00000000829c5688,0x0000000084300000)
 Metaspace       used 54623K, committed 55936K, reserved 1114112K
  class space    used 6516K, committed 7040K, reserved 1048576K
}
Event: 26.367 GC heap before
{Heap before GC invocations=29 (full 2):
 PSYoungGen      total 23040K, used 22732K [0x00000000d5580000, 0x00000000d7700000, 0x0000000100000000)
  eden space 22016K, 100% used [0x00000000d5580000,0x00000000d6b00000,0x00000000d6b00000)
  from space 1024K, 70% used [0x00000000d7600000,0x00000000d76b3358,0x00000000d7700000)
  to   space 1024K, 0% used [0x00000000d7500000,0x00000000d7500000,0x00000000d7600000)
 ParOldGen       total 68608K, used 42773K [0x0000000080000000, 0x0000000084300000, 0x00000000d5580000)
  object space 68608K, 62% used [0x0000000080000000,0x00000000829c5688,0x0000000084300000)
 Metaspace       used 56128K, committed 57472K, reserved 1114112K
  class space    used 6783K, committed 7360K, reserved 1048576K
}
Event: 26.370 GC heap after
{Heap after GC invocations=29 (full 2):
 PSYoungGen      total 23040K, used 955K [0x00000000d5580000, 0x00000000d7680000, 0x0000000100000000)
  eden space 22016K, 0% used [0x00000000d5580000,0x00000000d5580000,0x00000000d6b00000)
  from space 1024K, 93% used [0x00000000d7500000,0x00000000d75eed90,0x00000000d7600000)
  to   space 512K, 0% used [0x00000000d7600000,0x00000000d7600000,0x00000000d7680000)
 ParOldGen       total 68608K, used 43387K [0x0000000080000000, 0x0000000084300000, 0x00000000d5580000)
  object space 68608K, 63% used [0x0000000080000000,0x0000000082a5ee40,0x0000000084300000)
 Metaspace       used 56128K, committed 57472K, reserved 1114112K
  class space    used 6783K, committed 7360K, reserved 1048576K
}
Event: 27.196 GC heap before
{Heap before GC invocations=30 (full 2):
 PSYoungGen      total 23040K, used 22971K [0x00000000d5580000, 0x00000000d7680000, 0x0000000100000000)
  eden space 22016K, 100% used [0x00000000d5580000,0x00000000d6b00000,0x00000000d6b00000)
  from space 1024K, 93% used [0x00000000d7500000,0x00000000d75eed90,0x00000000d7600000)
  to   space 512K, 0% used [0x00000000d7600000,0x00000000d7600000,0x00000000d7680000)
 ParOldGen       total 68608K, used 43387K [0x0000000080000000, 0x0000000084300000, 0x00000000d5580000)
  object space 68608K, 63% used [0x0000000080000000,0x0000000082a5ee40,0x0000000084300000)
 Metaspace       used 57645K, committed 58944K, reserved 1114112K
  class space    used 7117K, committed 7680K, reserved 1048576K
}
Event: 27.198 GC heap after
{Heap after GC invocations=30 (full 2):
 PSYoungGen      total 22528K, used 288K [0x00000000d5580000, 0x00000000d7680000, 0x0000000100000000)
  eden space 22016K, 0% used [0x00000000d5580000,0x00000000d5580000,0x00000000d6b00000)
  from space 512K, 56% used [0x00000000d7600000,0x00000000d7648000,0x00000000d7680000)
  to   space 1024K, 0% used [0x00000000d7480000,0x00000000d7480000,0x00000000d7580000)
 ParOldGen       total 68608K, used 43515K [0x0000000080000000, 0x0000000084300000, 0x00000000d5580000)
  object space 68608K, 63% used [0x0000000080000000,0x0000000082a7ee40,0x0000000084300000)
 Metaspace       used 57645K, committed 58944K, reserved 1114112K
  class space    used 7117K, committed 7680K, reserved 1048576K
}
Event: 27.730 GC heap before
{Heap before GC invocations=31 (full 2):
 PSYoungGen      total 22528K, used 18249K [0x00000000d5580000, 0x00000000d7680000, 0x0000000100000000)
  eden space 22016K, 81% used [0x00000000d5580000,0x00000000d670a4b0,0x00000000d6b00000)
  from space 512K, 56% used [0x00000000d7600000,0x00000000d7648000,0x00000000d7680000)
  to   space 1024K, 0% used [0x00000000d7480000,0x00000000d7480000,0x00000000d7580000)
 ParOldGen       total 68608K, used 43515K [0x0000000080000000, 0x0000000084300000, 0x00000000d5580000)
  object space 68608K, 63% used [0x0000000080000000,0x0000000082a7ee40,0x0000000084300000)
 Metaspace       used 58463K, committed 59776K, reserved 1114112K
  class space    used 7310K, committed 7872K, reserved 1048576K
}
Event: 27.732 GC heap after
{Heap after GC invocations=31 (full 2):
 PSYoungGen      total 23040K, used 562K [0x00000000d5580000, 0x00000000d7680000, 0x0000000100000000)
  eden space 22016K, 0% used [0x00000000d5580000,0x00000000d5580000,0x00000000d6b00000)
  from space 1024K, 54% used [0x00000000d7480000,0x00000000d750c860,0x00000000d7580000)
  to   space 1024K, 0% used [0x00000000d7580000,0x00000000d7580000,0x00000000d7680000)
 ParOldGen       total 68608K, used 43666K [0x0000000080000000, 0x0000000084300000, 0x00000000d5580000)
  object space 68608K, 63% used [0x0000000080000000,0x0000000082aa4b50,0x0000000084300000)
 Metaspace       used 58463K, committed 59776K, reserved 1114112K
  class space    used 7310K, committed 7872K, reserved 1048576K
}
Event: 27.732 GC heap before
{Heap before GC invocations=32 (full 3):
 PSYoungGen      total 23040K, used 562K [0x00000000d5580000, 0x00000000d7680000, 0x0000000100000000)
  eden space 22016K, 0% used [0x00000000d5580000,0x00000000d5580000,0x00000000d6b00000)
  from space 1024K, 54% used [0x00000000d7480000,0x00000000d750c860,0x00000000d7580000)
  to   space 1024K, 0% used [0x00000000d7580000,0x00000000d7580000,0x00000000d7680000)
 ParOldGen       total 68608K, used 43666K [0x0000000080000000, 0x0000000084300000, 0x00000000d5580000)
  object space 68608K, 63% used [0x0000000080000000,0x0000000082aa4b50,0x0000000084300000)
 Metaspace       used 58463K, committed 59776K, reserved 1114112K
  class space    used 7310K, committed 7872K, reserved 1048576K
}
Event: 27.897 GC heap after
{Heap after GC invocations=32 (full 3):
 PSYoungGen      total 23040K, used 0K [0x00000000d5580000, 0x00000000d7680000, 0x0000000100000000)
  eden space 22016K, 0% used [0x00000000d5580000,0x00000000d5580000,0x00000000d6b00000)
  from space 1024K, 0% used [0x00000000d7480000,0x00000000d7480000,0x00000000d7580000)
  to   space 1024K, 0% used [0x00000000d7580000,0x00000000d7580000,0x00000000d7680000)
 ParOldGen       total 68608K, used 38941K [0x0000000080000000, 0x0000000084300000, 0x00000000d5580000)
  object space 68608K, 56% used [0x0000000080000000,0x00000000826074f0,0x0000000084300000)
 Metaspace       used 58463K, committed 59776K, reserved 1114112K
  class space    used 7310K, committed 7872K, reserved 1048576K
}
Event: 28.622 GC heap before
{Heap before GC invocations=33 (full 3):
 PSYoungGen      total 23040K, used 22016K [0x00000000d5580000, 0x00000000d7680000, 0x0000000100000000)
  eden space 22016K, 100% used [0x00000000d5580000,0x00000000d6b00000,0x00000000d6b00000)
  from space 1024K, 0% used [0x00000000d7480000,0x00000000d7480000,0x00000000d7580000)
  to   space 1024K, 0% used [0x00000000d7580000,0x00000000d7580000,0x00000000d7680000)
 ParOldGen       total 68608K, used 38941K [0x0000000080000000, 0x0000000084300000, 0x00000000d5580000)
  object space 68608K, 56% used [0x0000000080000000,0x00000000826074f0,0x0000000084300000)
 Metaspace       used 59753K, committed 60992K, reserved 1114112K
  class space    used 7560K, committed 8064K, reserved 1048576K
}
Event: 28.626 GC heap after
{Heap after GC invocations=33 (full 3):
 PSYoungGen      total 23040K, used 529K [0x00000000d5580000, 0x00000000d7680000, 0x0000000100000000)
  eden space 22016K, 0% used [0x00000000d5580000,0x00000000d5580000,0x00000000d6b00000)
  from space 1024K, 51% used [0x00000000d7580000,0x00000000d7604640,0x00000000d7680000)
  to   space 1024K, 0% used [0x00000000d7480000,0x00000000d7480000,0x00000000d7580000)
 ParOldGen       total 68608K, used 38941K [0x0000000080000000, 0x0000000084300000, 0x00000000d5580000)
  object space 68608K, 56% used [0x0000000080000000,0x00000000826074f0,0x0000000084300000)
 Metaspace       used 59753K, committed 60992K, reserved 1114112K
  class space    used 7560K, committed 8064K, reserved 1048576K
}
Event: 29.315 GC heap before
{Heap before GC invocations=34 (full 3):
 PSYoungGen      total 23040K, used 22545K [0x00000000d5580000, 0x00000000d7680000, 0x0000000100000000)
  eden space 22016K, 100% used [0x00000000d5580000,0x00000000d6b00000,0x00000000d6b00000)
  from space 1024K, 51% used [0x00000000d7580000,0x00000000d7604640,0x00000000d7680000)
  to   space 1024K, 0% used [0x00000000d7480000,0x00000000d7480000,0x00000000d7580000)
 ParOldGen       total 68608K, used 38941K [0x0000000080000000, 0x0000000084300000, 0x00000000d5580000)
  object space 68608K, 56% used [0x0000000080000000,0x00000000826074f0,0x0000000084300000)
 Metaspace       used 59945K, committed 61248K, reserved 1114112K
  class space    used 7589K, committed 8128K, reserved 1048576K
}
Event: 29.317 GC heap after
{Heap after GC invocations=34 (full 3):
 PSYoungGen      total 23040K, used 915K [0x00000000d5580000, 0x00000000d7600000, 0x0000000100000000)
  eden space 22016K, 0% used [0x00000000d5580000,0x00000000d5580000,0x00000000d6b00000)
  from space 1024K, 89% used [0x00000000d7480000,0x00000000d7564d78,0x00000000d7580000)
  to   space 512K, 0% used [0x00000000d7580000,0x00000000d7580000,0x00000000d7600000)
 ParOldGen       total 68608K, used 39120K [0x0000000080000000, 0x0000000084300000, 0x00000000d5580000)
  object space 68608K, 57% used [0x0000000080000000,0x0000000082634070,0x0000000084300000)
 Metaspace       used 59945K, committed 61248K, reserved 1114112K
  class space    used 7589K, committed 8128K, reserved 1048576K
}
Event: 29.709 GC heap before
{Heap before GC invocations=35 (full 3):
 PSYoungGen      total 23040K, used 22931K [0x00000000d5580000, 0x00000000d7600000, 0x0000000100000000)
  eden space 22016K, 100% used [0x00000000d5580000,0x00000000d6b00000,0x00000000d6b00000)
  from space 1024K, 89% used [0x00000000d7480000,0x00000000d7564d78,0x00000000d7580000)
  to   space 512K, 0% used [0x00000000d7580000,0x00000000d7580000,0x00000000d7600000)
 ParOldGen       total 68608K, used 39120K [0x0000000080000000, 0x0000000084300000, 0x00000000d5580000)
  object space 68608K, 57% used [0x0000000080000000,0x0000000082634070,0x0000000084300000)
 Metaspace       used 59945K, committed 61248K, reserved 1114112K
  class space    used 7589K, committed 8128K, reserved 1048576K
}
Event: 29.711 GC heap after
{Heap after GC invocations=35 (full 3):
 PSYoungGen      total 22528K, used 496K [0x00000000d5580000, 0x00000000d7600000, 0x0000000100000000)
  eden space 22016K, 0% used [0x00000000d5580000,0x00000000d5580000,0x00000000d6b00000)
  from space 512K, 97% used [0x00000000d7580000,0x00000000d75fc378,0x00000000d7600000)
  to   space 1536K, 0% used [0x00000000d7300000,0x00000000d7300000,0x00000000d7480000)
 ParOldGen       total 68608K, used 39654K [0x0000000080000000, 0x0000000084300000, 0x00000000d5580000)
  object space 68608K, 57% used [0x0000000080000000,0x00000000826b9a00,0x0000000084300000)
 Metaspace       used 59945K, committed 61248K, reserved 1114112K
  class space    used 7589K, committed 8128K, reserved 1048576K
}
Event: 30.007 GC heap before
{Heap before GC invocations=36 (full 3):
 PSYoungGen      total 22528K, used 22512K [0x00000000d5580000, 0x00000000d7600000, 0x0000000100000000)
  eden space 22016K, 100% used [0x00000000d5580000,0x00000000d6b00000,0x00000000d6b00000)
  from space 512K, 97% used [0x00000000d7580000,0x00000000d75fc378,0x00000000d7600000)
  to   space 1536K, 0% used [0x00000000d7300000,0x00000000d7300000,0x00000000d7480000)
 ParOldGen       total 68608K, used 39654K [0x0000000080000000, 0x0000000084300000, 0x00000000d5580000)
  object space 68608K, 57% used [0x0000000080000000,0x00000000826b9a00,0x0000000084300000)
 Metaspace       used 59949K, committed 61248K, reserved 1114112K
  class space    used 7589K, committed 8128K, reserved 1048576K
}
Event: 30.008 GC heap after
{Heap after GC invocations=36 (full 3):
 PSYoungGen      total 23552K, used 1046K [0x00000000d5580000, 0x00000000d7600000, 0x0000000100000000)
  eden space 22016K, 0% used [0x00000000d5580000,0x00000000d5580000,0x00000000d6b00000)
  from space 1536K, 68% used [0x00000000d7300000,0x00000000d74058c0,0x00000000d7480000)
  to   space 1536K, 0% used [0x00000000d7480000,0x00000000d7480000,0x00000000d7600000)
 ParOldGen       total 68608K, used 39670K [0x0000000080000000, 0x0000000084300000, 0x00000000d5580000)
  object space 68608K, 57% used [0x0000000080000000,0x00000000826bda00,0x0000000084300000)
 Metaspace       used 59949K, committed 61248K, reserved 1114112K
  class space    used 7589K, committed 8128K, reserved 1048576K
}
Event: 30.383 GC heap before
{Heap before GC invocations=37 (full 3):
 PSYoungGen      total 23552K, used 23062K [0x00000000d5580000, 0x00000000d7600000, 0x0000000100000000)
  eden space 22016K, 100% used [0x00000000d5580000,0x00000000d6b00000,0x00000000d6b00000)
  from space 1536K, 68% used [0x00000000d7300000,0x00000000d74058c0,0x00000000d7480000)
  to   space 1536K, 0% used [0x00000000d7480000,0x00000000d7480000,0x00000000d7600000)
 ParOldGen       total 68608K, used 39670K [0x0000000080000000, 0x0000000084300000, 0x00000000d5580000)
  object space 68608K, 57% used [0x0000000080000000,0x00000000826bda00,0x0000000084300000)
 Metaspace       used 59951K, committed 61248K, reserved 1114112K
  class space    used 7589K, committed 8128K, reserved 1048576K
}
Event: 30.384 GC heap after
{Heap after GC invocations=37 (full 3):
 PSYoungGen      total 23040K, used 926K [0x00000000d5580000, 0x00000000d7580000, 0x0000000100000000)
  eden space 22016K, 0% used [0x00000000d5580000,0x00000000d5580000,0x00000000d6b00000)
  from space 1024K, 90% used [0x00000000d7480000,0x00000000d7567858,0x00000000d7580000)
  to   space 1024K, 0% used [0x00000000d7380000,0x00000000d7380000,0x00000000d7480000)
 ParOldGen       total 68608K, used 39710K [0x0000000080000000, 0x0000000084300000, 0x00000000d5580000)
  object space 68608K, 57% used [0x0000000080000000,0x00000000826c7a00,0x0000000084300000)
 Metaspace       used 59951K, committed 61248K, reserved 1114112K
  class space    used 7589K, committed 8128K, reserved 1048576K
}

