# JRE version: OpenJDK Runtime Environment Temurin-21.0.10+7 (21.0.10+7) (build 21.0.10+7-LTS)
# Java VM: OpenJDK 64-Bit Server VM Temurin-21.0.10+7 (21.0.10+7-LTS, mixed mode, sharing, tiered, compressed oops, compressed class ptrs, g1 gc, windows-amd64)
GC Precious Log:
 CardTable entry size: 512
 Card Set container configuration: InlinePtr #cards 5 size 8 Array Of Cards #cards 12 size 40 Howl #buckets 4 coarsen threshold 1843 Howl Bitmap #cards 512 size 80 coarsen threshold 460 Card regions per heap region 1 cards per card region 2048
 CPUs: 4 total, 4 available
 Memory: 7971M
 Large Page Support: Disabled
 NUMA Support: Disabled
 Compressed Oops: Enabled (32-bit)
 Heap Region Size: 1M
 Heap Min Capacity: 8M
 Heap Initial Capacity: 126M
 Heap Max Capacity: 2G
 Pre-touch: Disabled
 Parallel Workers: 4
 Concurrent Workers: 1
 Concurrent Refinement Workers: 4
 Periodic GC: Disabled
Heap:
 garbage-first heap   total 299008K, used 235933K [0x0000000080000000, 0x0000000100000000)
  region size 1024K, 173 young (177152K), 10 survivors (10240K)
 Metaspace       used 53679K, committed 55360K, reserved 491520K
  class space    used 7461K, committed 8256K, reserved 425984K
GC Heap History (20 events):
Event: 22.734 GC heap before
{Heap before GC invocations=26 (full 0):
 garbage-first heap   total 206848K, used 184983K [0x0000000080000000, 0x0000000100000000)
  region size 1024K, 121 young (123904K), 6 survivors (6144K)
 Metaspace       used 53651K, committed 55296K, reserved 491520K
  class space    used 7461K, committed 8256K, reserved 425984K
}
Event: 22.743 GC heap after
{Heap after GC invocations=27 (full 0):
 garbage-first heap   total 206848K, used 64221K [0x0000000080000000, 0x0000000100000000)
  region size 1024K, 7 young (7168K), 7 survivors (7168K)
 Metaspace       used 53651K, committed 55296K, reserved 491520K
  class space    used 7461K, committed 8256K, reserved 425984K
}
Event: 23.865 GC heap before
{Heap before GC invocations=27 (full 0):
 garbage-first heap   total 206848K, used 180957K [0x0000000080000000, 0x0000000100000000)
  region size 1024K, 121 young (123904K), 7 survivors (7168K)
 Metaspace       used 53659K, committed 55296K, reserved 491520K
  class space    used 7461K, committed 8256K, reserved 425984K
}
Event: 23.876 GC heap after
{Heap after GC invocations=28 (full 0):
 garbage-first heap   total 206848K, used 65376K [0x0000000080000000, 0x0000000100000000)
  region size 1024K, 8 young (8192K), 8 survivors (8192K)
 Metaspace       used 53659K, committed 55296K, reserved 491520K
  class space    used 7461K, committed 8256K, reserved 425984K
}
Event: 24.766 GC heap before
{Heap before GC invocations=28 (full 0):
 garbage-first heap   total 206848K, used 181088K [0x0000000080000000, 0x0000000100000000)
  region size 1024K, 121 young (123904K), 8 survivors (8192K)
 Metaspace       used 53660K, committed 55296K, reserved 491520K
  class space    used 7461K, committed 8256K, reserved 425984K
}
Event: 24.779 GC heap after
{Heap after GC invocations=29 (full 0):
 garbage-first heap   total 206848K, used 65830K [0x0000000080000000, 0x0000000100000000)
  region size 1024K, 9 young (9216K), 9 survivors (9216K)
 Metaspace       used 53660K, committed 55296K, reserved 491520K
  class space    used 7461K, committed 8256K, reserved 425984K
}
Event: 25.228 GC heap before
{Heap before GC invocations=29 (full 0):
 garbage-first heap   total 206848K, used 180518K [0x0000000080000000, 0x0000000100000000)
  region size 1024K, 121 young (123904K), 9 survivors (9216K)
 Metaspace       used 53661K, committed 55296K, reserved 491520K
  class space    used 7461K, committed 8256K, reserved 425984K
}
Event: 25.238 GC heap after
{Heap after GC invocations=30 (full 0):
 garbage-first heap   total 206848K, used 66229K [0x0000000080000000, 0x0000000100000000)
  region size 1024K, 9 young (9216K), 9 survivors (9216K)
 Metaspace       used 53661K, committed 55296K, reserved 491520K
  class space    used 7461K, committed 8256K, reserved 425984K
}
Event: 25.608 GC heap before
{Heap before GC invocations=30 (full 0):
 garbage-first heap   total 206848K, used 180917K [0x0000000080000000, 0x0000000100000000)
  region size 1024K, 121 young (123904K), 9 survivors (9216K)
 Metaspace       used 53661K, committed 55296K, reserved 491520K
  class space    used 7461K, committed 8256K, reserved 425984K
}
Event: 25.622 GC heap after
{Heap after GC invocations=31 (full 0):
 garbage-first heap   total 206848K, used 66759K [0x0000000080000000, 0x0000000100000000)
  region size 1024K, 7 young (7168K), 7 survivors (7168K)
 Metaspace       used 53661K, committed 55296K, reserved 491520K
  class space    used 7461K, committed 8256K, reserved 425984K
}
Event: 26.049 GC heap before
{Heap before GC invocations=31 (full 0):
 garbage-first heap   total 206848K, used 183495K [0x0000000080000000, 0x0000000100000000)
  region size 1024K, 121 young (123904K), 7 survivors (7168K)
 Metaspace       used 53666K, committed 55296K, reserved 491520K
  class space    used 7461K, committed 8256K, reserved 425984K
}
Event: 26.060 GC heap after
{Heap after GC invocations=32 (full 0):
 garbage-first heap   total 248832K, used 68006K [0x0000000080000000, 0x0000000100000000)
  region size 1024K, 8 young (8192K), 8 survivors (8192K)
 Metaspace       used 53666K, committed 55296K, reserved 491520K
  class space    used 7461K, committed 8256K, reserved 425984K
}
Event: 26.574 GC heap before
{Heap before GC invocations=32 (full 0):
 garbage-first heap   total 248832K, used 208294K [0x0000000080000000, 0x0000000100000000)
  region size 1024K, 145 young (148480K), 8 survivors (8192K)
 Metaspace       used 53670K, committed 55296K, reserved 491520K
  class space    used 7461K, committed 8256K, reserved 425984K
}
Event: 26.585 GC heap after
{Heap after GC invocations=33 (full 0):
 garbage-first heap   total 248832K, used 68370K [0x0000000080000000, 0x0000000100000000)
  region size 1024K, 9 young (9216K), 9 survivors (9216K)
 Metaspace       used 53670K, committed 55296K, reserved 491520K
  class space    used 7461K, committed 8256K, reserved 425984K
}
Event: 27.001 GC heap before
{Heap before GC invocations=33 (full 0):
 garbage-first heap   total 248832K, used 207634K [0x0000000080000000, 0x0000000100000000)
  region size 1024K, 145 young (148480K), 9 survivors (9216K)
 Metaspace       used 53671K, committed 55296K, reserved 491520K
  class space    used 7461K, committed 8256K, reserved 425984K
}
Event: 27.011 GC heap after
{Heap after GC invocations=34 (full 0):
 garbage-first heap   total 248832K, used 68395K [0x0000000080000000, 0x0000000100000000)
  region size 1024K, 9 young (9216K), 9 survivors (9216K)
 Metaspace       used 53671K, committed 55296K, reserved 491520K
  class space    used 7461K, committed 8256K, reserved 425984K
}
Event: 27.434 GC heap before
{Heap before GC invocations=34 (full 0):
 garbage-first heap   total 248832K, used 207659K [0x0000000080000000, 0x0000000100000000)
  region size 1024K, 145 young (148480K), 9 survivors (9216K)
 Metaspace       used 53675K, committed 55360K, reserved 491520K
  class space    used 7461K, committed 8256K, reserved 425984K
}
Event: 27.445 GC heap after
{Heap after GC invocations=35 (full 0):
 garbage-first heap   total 248832K, used 69432K [0x0000000080000000, 0x0000000100000000)
  region size 1024K, 10 young (10240K), 10 survivors (10240K)
 Metaspace       used 53675K, committed 55360K, reserved 491520K
  class space    used 7461K, committed 8256K, reserved 425984K
}
Event: 27.840 GC heap before
{Heap before GC invocations=35 (full 0):
 garbage-first heap   total 248832K, used 207672K [0x0000000080000000, 0x0000000100000000)
  region size 1024K, 145 young (148480K), 10 survivors (10240K)
 Metaspace       used 53675K, committed 55360K, reserved 491520K
  class space    used 7461K, committed 8256K, reserved 425984K
}
Event: 27.853 GC heap after
{Heap after GC invocations=36 (full 0):
 garbage-first heap   total 299008K, used 70045K [0x0000000080000000, 0x0000000100000000)
  region size 1024K, 10 young (10240K), 10 survivors (10240K)
 Metaspace       used 53675K, committed 55360K, reserved 491520K
  class space    used 7461K, committed 8256K, reserved 425984K
}

