# JRE version: OpenJDK Runtime Environment Temurin-21.0.10+7 (21.0.10+7) (build 21.0.10+7-LTS)
# Java VM: OpenJDK 64-Bit Server VM Temurin-21.0.10+7 (21.0.10+7-LTS, mixed mode, sharing, tiered, compressed oops, compressed class ptrs, g1 gc, windows-amd64)
GC Precious Log:
 CardTable entry size: 512
 Card Set container configuration: InlinePtr #cards 5 size 8 Array Of Cards #cards 12 size 40 Howl #buckets 4 coarsen threshold 1843 Howl Bitmap #cards 512 size 80 coarsen threshold 460 Card regions per heap region 1 cards per card region 2048
 CPUs: 4 total, 4 available
 Memory: 7971M
 Large Page Support: Disabled
 NUMA Support: Disabled
 Compressed Oops: Enabled (32-bit)
 Heap Region Size: 1M
 Heap Min Capacity: 8M
 Heap Initial Capacity: 126M
 Heap Max Capacity: 2G
 Pre-touch: Disabled
 Parallel Workers: 4
 Concurrent Workers: 1
 Concurrent Refinement Workers: 4
 Periodic GC: Disabled
Heap:
 garbage-first heap   total 172032K, used 71379K [0x0000000080000000, 0x0000000100000000)
  region size 1024K, 34 young (34816K), 7 survivors (7168K)
 Metaspace       used 46202K, committed 47680K, reserved 491520K
  class space    used 6495K, committed 7232K, reserved 425984K
GC Heap History (20 events):
Event: 11.292 GC heap before
{Heap before GC invocations=16 (full 0):
 garbage-first heap   total 98304K, used 90835K [0x0000000080000000, 0x0000000100000000)
  region size 1024K, 52 young (53248K), 3 survivors (3072K)
 Metaspace       used 46070K, committed 47616K, reserved 491520K
  class space    used 6480K, committed 7232K, reserved 425984K
}
Event: 11.300 GC heap after
{Heap after GC invocations=17 (full 0):
 garbage-first heap   total 118784K, used 41074K [0x0000000080000000, 0x0000000100000000)
  region size 1024K, 4 young (4096K), 4 survivors (4096K)
 Metaspace       used 46070K, committed 47616K, reserved 491520K
  class space    used 6480K, committed 7232K, reserved 425984K
}
Event: 11.711 GC heap before
{Heap before GC invocations=17 (full 0):
 garbage-first heap   total 118784K, used 107634K [0x0000000080000000, 0x0000000100000000)
  region size 1024K, 69 young (70656K), 4 survivors (4096K)
 Metaspace       used 46081K, committed 47616K, reserved 491520K
  class space    used 6480K, committed 7232K, reserved 425984K
}
Event: 11.717 GC heap after
{Heap after GC invocations=18 (full 0):
 garbage-first heap   total 118784K, used 41406K [0x0000000080000000, 0x0000000100000000)
  region size 1024K, 4 young (4096K), 4 survivors (4096K)
 Metaspace       used 46081K, committed 47616K, reserved 491520K
  class space    used 6480K, committed 7232K, reserved 425984K
}
Event: 12.065 GC heap before
{Heap before GC invocations=18 (full 0):
 garbage-first heap   total 118784K, used 107966K [0x0000000080000000, 0x0000000100000000)
  region size 1024K, 69 young (70656K), 4 survivors (4096K)
 Metaspace       used 46082K, committed 47616K, reserved 491520K
  class space    used 6480K, committed 7232K, reserved 425984K
}
Event: 12.072 GC heap after
{Heap after GC invocations=19 (full 0):
 garbage-first heap   total 118784K, used 41472K [0x0000000080000000, 0x0000000100000000)
  region size 1024K, 4 young (4096K), 4 survivors (4096K)
 Metaspace       used 46082K, committed 47616K, reserved 491520K
  class space    used 6480K, committed 7232K, reserved 425984K
}
Event: 12.432 GC heap before
{Heap before GC invocations=19 (full 0):
 garbage-first heap   total 118784K, used 108032K [0x0000000080000000, 0x0000000100000000)
  region size 1024K, 69 young (70656K), 4 survivors (4096K)
 Metaspace       used 46082K, committed 47616K, reserved 491520K
  class space    used 6480K, committed 7232K, reserved 425984K
}
Event: 12.439 GC heap after
{Heap after GC invocations=20 (full 0):
 garbage-first heap   total 118784K, used 42195K [0x0000000080000000, 0x0000000100000000)
  region size 1024K, 5 young (5120K), 5 survivors (5120K)
 Metaspace       used 46082K, committed 47616K, reserved 491520K
  class space    used 6480K, committed 7232K, reserved 425984K
}
Event: 12.872 GC heap before
{Heap before GC invocations=20 (full 0):
 garbage-first heap   total 118784K, used 107731K [0x0000000080000000, 0x0000000100000000)
  region size 1024K, 69 young (70656K), 5 survivors (5120K)
 Metaspace       used 46125K, committed 47680K, reserved 491520K
  class space    used 6488K, committed 7232K, reserved 425984K
}
Event: 12.880 GC heap after
{Heap after GC invocations=21 (full 0):
 garbage-first heap   total 143360K, used 42258K [0x0000000080000000, 0x0000000100000000)
  region size 1024K, 5 young (5120K), 5 survivors (5120K)
 Metaspace       used 46125K, committed 47680K, reserved 491520K
  class space    used 6488K, committed 7232K, reserved 425984K
}
Event: 13.231 GC heap before
{Heap before GC invocations=21 (full 0):
 garbage-first heap   total 143360K, used 123154K [0x0000000080000000, 0x0000000100000000)
  region size 1024K, 84 young (86016K), 5 survivors (5120K)
 Metaspace       used 46125K, committed 47680K, reserved 491520K
  class space    used 6488K, committed 7232K, reserved 425984K
}
Event: 13.240 GC heap after
{Heap after GC invocations=22 (full 0):
 garbage-first heap   total 143360K, used 42515K [0x0000000080000000, 0x0000000100000000)
  region size 1024K, 5 young (5120K), 5 survivors (5120K)
 Metaspace       used 46125K, committed 47680K, reserved 491520K
  class space    used 6488K, committed 7232K, reserved 425984K
}
Event: 13.594 GC heap before
{Heap before GC invocations=22 (full 0):
 garbage-first heap   total 143360K, used 123411K [0x0000000080000000, 0x0000000100000000)
  region size 1024K, 84 young (86016K), 5 survivors (5120K)
 Metaspace       used 46132K, committed 47680K, reserved 491520K
  class space    used 6488K, committed 7232K, reserved 425984K
}
Event: 13.602 GC heap after
{Heap after GC invocations=23 (full 0):
 garbage-first heap   total 143360K, used 42707K [0x0000000080000000, 0x0000000100000000)
  region size 1024K, 5 young (5120K), 5 survivors (5120K)
 Metaspace       used 46132K, committed 47680K, reserved 491520K
  class space    used 6488K, committed 7232K, reserved 425984K
}
Event: 14.120 GC heap before
{Heap before GC invocations=23 (full 0):
 garbage-first heap   total 143360K, used 123603K [0x0000000080000000, 0x0000000100000000)
  region size 1024K, 84 young (86016K), 5 survivors (5120K)
 Metaspace       used 46160K, committed 47680K, reserved 491520K
  class space    used 6495K, committed 7232K, reserved 425984K
}
Event: 14.135 GC heap after
{Heap after GC invocations=24 (full 0):
 garbage-first heap   total 143360K, used 43167K [0x0000000080000000, 0x0000000100000000)
  region size 1024K, 6 young (6144K), 6 survivors (6144K)
 Metaspace       used 46160K, committed 47680K, reserved 491520K
  class space    used 6495K, committed 7232K, reserved 425984K
}
Event: 14.638 GC heap before
{Heap before GC invocations=24 (full 0):
 garbage-first heap   total 143360K, used 127135K [0x0000000080000000, 0x0000000100000000)
  region size 1024K, 84 young (86016K), 6 survivors (6144K)
 Metaspace       used 46171K, committed 47680K, reserved 491520K
  class space    used 6495K, committed 7232K, reserved 425984K
}
Event: 14.651 GC heap after
{Heap after GC invocations=25 (full 0):
 garbage-first heap   total 172032K, used 44755K [0x0000000080000000, 0x0000000100000000)
  region size 1024K, 7 young (7168K), 7 survivors (7168K)
 Metaspace       used 46171K, committed 47680K, reserved 491520K
  class space    used 6495K, committed 7232K, reserved 425984K
}
Event: 15.211 GC heap before
{Heap before GC invocations=25 (full 0):
 garbage-first heap   total 172032K, used 139987K [0x0000000080000000, 0x0000000100000000)
  region size 1024K, 100 young (102400K), 7 survivors (7168K)
 Metaspace       used 46202K, committed 47680K, reserved 491520K
  class space    used 6495K, committed 7232K, reserved 425984K
}
Event: 15.224 GC heap after
{Heap after GC invocations=26 (full 0):
 garbage-first heap   total 172032K, used 44755K [0x0000000080000000, 0x0000000100000000)
  region size 1024K, 7 young (7168K), 7 survivors (7168K)
 Metaspace       used 46202K, committed 47680K, reserved 491520K
  class space    used 6495K, committed 7232K, reserved 425984K
}

